<?xml version="1.0" encoding="UTF-8"?>
<!-- Generated by org.testng.reporters.JUnitReportReporter -->
<testsuite hostname="Sekolahmus-MacBook-Air.local" failures="0" tests="1" name="org.example.AppTest" time="10.959" errors="0" timestamp="2024-01-28T10:34:23 WIB" skipped="0">
  <testcase classname="org.example.AppTest" name="Testcase1" time="10.959"/>
  <system-out/>
</testsuite> <!-- org.example.AppTest -->
